time="2024-08-23T18:52:42+05:30" level=info msg="Starting Peerly Application..."
time="2024-08-23T18:53:19+05:30" level=info msg="2024-08-23T18:53:19+05:30 | 401 | \t 79.746µs | localhost:33001 | POST /peerly/set_logger_level"
time="2024-08-23T18:53:22+05:30" level=info msg="req_id: 96e87117-d1a8-4ca3-b73a-76f1d5c510a3[ping]"
time="2024-08-23T18:53:22+05:30" level=info msg="2024-08-23T18:53:22+05:30 | 200 | \t 127.759µs | localhost:33001 | GET /peerly/ping"
time="2024-08-23T18:53:40+05:30" level=info msg="req_id: 0d13dc29-93e2-4f2b-9489-3f695da0ec5f[loggerHandler]"
time="2024-08-23T18:53:40+05:30" level=info msg="2024-08-23T18:53:40+05:30 | 200 | \t 108.894µs | localhost:33001 | POST /peerly/set_logger_level"
time="2024-08-23T18:53:48+05:30" level=debug msg="debug ping"
time="2024-08-23T18:53:48+05:30" level=info msg="req_id: 624be32c-cef9-47fa-87f8-42cfcbc77979[ping]"
time="2024-08-23T18:53:48+05:30" level=info msg="2024-08-23T18:53:48+05:30 | 200 | \t 82.07µs | localhost:33001 | GET /peerly/ping"
time="2024-08-23T18:53:59+05:30" level=debug msg="req_id: 993bf3fc-7d18-4c21-8f32-355d41a10c99[listAppreciationsHandler]"
time="2024-08-23T18:53:59+05:30" level=debug msg="req_id: 993bf3fc-7d18-4c21-8f32-355d41a10c99[listAppreciationsHandler: request:  0xc0003a8a20]"
time="2024-08-23T18:53:59+05:30" level=debug msg="req_id: 993bf3fc-7d18-4c21-8f32-355d41a10c99[filter:  {false  DESC 1 10}]"
time="2024-08-23T18:53:59+05:30" level=debug msg="req_id: 993bf3fc-7d18-4c21-8f32-355d41a10c99[ filter:  {false  DESC 1 10}]"
time="2024-08-23T18:53:59+05:30" level=debug msg="req_id: 993bf3fc-7d18-4c21-8f32-355d41a10c99[ appr: ListAppreciations: filter:  {false  DESC 1 10}]"
time="2024-08-23T18:53:59+05:30" level=debug msg="req_id: 993bf3fc-7d18-4c21-8f32-355d41a10c99[countSql:  SELECT COUNT(*) FROM appreciations a LEFT JOIN users u_sender ON a.sender = u_sender.id LEFT JOIN users u_receiver ON a.receiver = u_receiver.id LEFT JOIN core_values cv ON a.core_value_id = cv.id WHERE a.is_valid = $1]"
time="2024-08-23T18:53:59+05:30" level=debug msg="req_id: 993bf3fc-7d18-4c21-8f32-355d41a10c99[countArgs:  [true]]"
time="2024-08-23T18:53:59+05:30" level=debug msg="req_id: 993bf3fc-7d18-4c21-8f32-355d41a10c99[ pagination:  {10 1 1 2}]"
time="2024-08-23T18:53:59+05:30" level=debug msg="req_id: 993bf3fc-7d18-4c21-8f32-355d41a10c99[ offset:  0]"
time="2024-08-23T18:53:59+05:30" level=debug msg="req_id: 993bf3fc-7d18-4c21-8f32-355d41a10c99[ sqlQuery:  SELECT a.id, cv.name AS core_value_name, COALESCE((\n\t\t\t\tSELECT SUM(r2.point) \n\t\t\t\tFROM rewards r2 \n\t\t\t\tWHERE r2.appreciation_id = a.id AND r2.sender = 212\n\t\t\t), 0) AS given_reward_point, cv.description AS core_value_description, a.description, a.is_valid, a.total_reward_points, a.quarter, u_sender.id AS sender_id, u_sender.first_name AS sender_first_name, u_sender.last_name AS sender_last_name, u_sender.profile_image_url AS sender_image_url, u_sender.designation AS sender_designation, u_receiver.id AS receiver_id, u_receiver.first_name AS receiver_first_name, u_receiver.last_name AS receiver_last_name, u_receiver.profile_image_url AS receiver_image_url, u_receiver.designation AS receiver_designation, a.created_at, a.updated_at, COUNT(r.id) AS total_rewards, COALESCE((\n\t\t\t\tSELECT SUM(r2.point) \n\t\t\t\tFROM rewards r2 \n\t\t\t\tWHERE r2.appreciation_id = a.id AND r2.sender = 212\n\t\t\t), 0) AS given_reward_point FROM appreciations a LEFT JOIN users u_sender ON a.sender = u_sender.id LEFT JOIN users u_receiver ON a.receiver = u_receiver.id LEFT JOIN core_values cv ON a.core_value_id = cv.id LEFT JOIN rewards r ON a.id = r.appreciation_id WHERE a.is_valid = $1 GROUP BY a.id, cv.name, cv.description, u_sender.id, u_receiver.id ORDER BY a.created_at DESC LIMIT 10 OFFSET 0]"
time="2024-08-23T18:53:59+05:30" level=debug msg="req_id: 993bf3fc-7d18-4c21-8f32-355d41a10c99[ args:  [true]]"
time="2024-08-23T18:53:59+05:30" level=info msg="req_id: 993bf3fc-7d18-4c21-8f32-355d41a10c99[filter:  {false  DESC 1 10}]"
time="2024-08-23T18:53:59+05:30" level=info msg="req_id: 993bf3fc-7d18-4c21-8f32-355d41a10c99[sql:  SELECT a.id, cv.name AS core_value_name, COALESCE((\n\t\t\t\tSELECT SUM(r2.point) \n\t\t\t\tFROM rewards r2 \n\t\t\t\tWHERE r2.appreciation_id = a.id AND r2.sender = 212\n\t\t\t), 0) AS given_reward_point, cv.description AS core_value_description, a.description, a.is_valid, a.total_reward_points, a.quarter, u_sender.id AS sender_id, u_sender.first_name AS sender_first_name, u_sender.last_name AS sender_last_name, u_sender.profile_image_url AS sender_image_url, u_sender.designation AS sender_designation, u_receiver.id AS receiver_id, u_receiver.first_name AS receiver_first_name, u_receiver.last_name AS receiver_last_name, u_receiver.profile_image_url AS receiver_image_url, u_receiver.designation AS receiver_designation, a.created_at, a.updated_at, COUNT(r.id) AS total_rewards, COALESCE((\n\t\t\t\tSELECT SUM(r2.point) \n\t\t\t\tFROM rewards r2 \n\t\t\t\tWHERE r2.appreciation_id = a.id AND r2.sender = 212\n\t\t\t), 0) AS given_reward_point FROM appreciations a LEFT JOIN users u_sender ON a.sender = u_sender.id LEFT JOIN users u_receiver ON a.receiver = u_receiver.id LEFT JOIN core_values cv ON a.core_value_id = cv.id LEFT JOIN rewards r ON a.id = r.appreciation_id WHERE a.is_valid = $1 GROUP BY a.id, cv.name, cv.description, u_sender.id, u_receiver.id ORDER BY a.created_at DESC LIMIT 10 OFFSET 0]"
time="2024-08-23T18:53:59+05:30" level=info msg="req_id: 993bf3fc-7d18-4c21-8f32-355d41a10c99[args:  [true]]"
time="2024-08-23T18:53:59+05:30" level=debug msg="req_id: 993bf3fc-7d18-4c21-8f32-355d41a10c99[ id ->  212]"
time="2024-08-23T18:53:59+05:30" level=debug msg="req_id: 993bf3fc-7d18-4c21-8f32-355d41a10c99[ userId:  212]"
time="2024-08-23T18:53:59+05:30" level=debug msg="req_id: 993bf3fc-7d18-4c21-8f32-355d41a10c99[ query:  SELECT reported_by FROM resolutions WHERE appreciation_id = $1]"
time="2024-08-23T18:53:59+05:30" level=debug msg="req_id: 993bf3fc-7d18-4c21-8f32-355d41a10c99[ args:  [2]]"
time="2024-08-23T18:53:59+05:30" level=debug msg="req_id: 993bf3fc-7d18-4c21-8f32-355d41a10c99[ query:  SELECT reported_by FROM resolutions WHERE appreciation_id = $1]"
time="2024-08-23T18:53:59+05:30" level=debug msg="req_id: 993bf3fc-7d18-4c21-8f32-355d41a10c99[ args:  [1]]"
time="2024-08-23T18:53:59+05:30" level=debug msg="req_id: 993bf3fc-7d18-4c21-8f32-355d41a10c99[ res:  [{2 Integrity & Ethics We uphold integrity in every action, ensuring our decisions align with the highest moral standards. Lorem Ipsum\u00a0 not only. true 0 2 212 Sharyu Marwadi { true} Software Engineer 187 Samnit Patil { true} Software Engineer 0 false 0 1724329694764 1724329694764} {1 Integrity & Ethics We uphold integrity in every action, ensuring our decisions align with the highest moral standards. Lorem Ipsum\u00a0 not only. true 300 2 212 Sharyu Marwadi { true} Software Engineer 187 Samnit Patil { true} Software Engineer 1 false 0 1724262140433 1724321985724}]]"
time="2024-08-23T18:53:59+05:30" level=debug msg="req_id: 993bf3fc-7d18-4c21-8f32-355d41a10c99[ pagination:  {10 1 1 2}]"
time="2024-08-23T18:53:59+05:30" level=debug msg="req_id: 993bf3fc-7d18-4c21-8f32-355d41a10c99[ infos:  [{2 Integrity & Ethics We uphold integrity in every action, ensuring our decisions align with the highest moral standards. Lorem Ipsum\u00a0 not only. true 0 2 212 Sharyu Marwadi { true} Software Engineer 187 Samnit Patil { true} Software Engineer 0 false 0 1724329694764 1724329694764} {1 Integrity & Ethics We uphold integrity in every action, ensuring our decisions align with the highest moral standards. Lorem Ipsum\u00a0 not only. true 300 2 212 Sharyu Marwadi { true} Software Engineer 187 Samnit Patil { true} Software Engineer 1 false 0 1724262140433 1724321985724}]  pagination:  {10 1 1 2}  err:  <nil>]"
time="2024-08-23T18:53:59+05:30" level=debug msg="req_id: 993bf3fc-7d18-4c21-8f32-355d41a10c99[ apprSvc:  [{2 Integrity & Ethics We uphold integrity in every action, ensuring our decisions align with the highest moral standards. Lorem Ipsum\u00a0 not only. 0 2 212 Sharyu Marwadi  Software Engineer 187 Samnit Patil  Software Engineer 0 0 false 1724329694764 1724329694764} {1 Integrity & Ethics We uphold integrity in every action, ensuring our decisions align with the highest moral standards. Lorem Ipsum\u00a0 not only. 300 2 212 Sharyu Marwadi  Software Engineer 187 Samnit Patil  Software Engineer 1 0 false 1724262140433 1724321985724}]  paginationResp:  {1 1 10 2}]"
time="2024-08-23T18:53:59+05:30" level=debug msg="req_id: 993bf3fc-7d18-4c21-8f32-355d41a10c99[listAppreciationsHandler: response:  {[{2 Integrity & Ethics We uphold integrity in every action, ensuring our decisions align with the highest moral standards. Lorem Ipsum\u00a0 not only. 0 2 212 Sharyu Marwadi  Software Engineer 187 Samnit Patil  Software Engineer 0 0 false 1724329694764 1724329694764} {1 Integrity & Ethics We uphold integrity in every action, ensuring our decisions align with the highest moral standards. Lorem Ipsum\u00a0 not only. 300 2 212 Sharyu Marwadi  Software Engineer 187 Samnit Patil  Software Engineer 1 0 false 1724262140433 1724321985724}] {1 1 10 2}}]"
time="2024-08-23T18:53:59+05:30" level=info msg="2024-08-23T18:53:59+05:30 | 200 | \t 30.51005ms | localhost:33001 | GET /peerly/appreciations"
time="2024-08-23T18:54:50+05:30" level=debug msg="req_id: d958d92c-9683-4a3a-ad05-5758c77175f8[listAppreciationsHandler]"
time="2024-08-23T18:54:50+05:30" level=debug msg="req_id: d958d92c-9683-4a3a-ad05-5758c77175f8[listAppreciationsHandler: request:  0xc000418ea0]"
time="2024-08-23T18:54:50+05:30" level=debug msg="req_id: d958d92c-9683-4a3a-ad05-5758c77175f8[filter:  {false  DESC 1 10}]"
time="2024-08-23T18:54:50+05:30" level=debug msg="req_id: d958d92c-9683-4a3a-ad05-5758c77175f8[ filter:  {false  DESC 1 10}]"
time="2024-08-23T18:54:50+05:30" level=debug msg="req_id: d958d92c-9683-4a3a-ad05-5758c77175f8[ appr: ListAppreciations: filter:  {false  DESC 1 10}]"
time="2024-08-23T18:54:50+05:30" level=debug msg="req_id: d958d92c-9683-4a3a-ad05-5758c77175f8[countSql:  SELECT COUNT(*) FROM appreciations a LEFT JOIN users u_sender ON a.sender = u_sender.id LEFT JOIN users u_receiver ON a.receiver = u_receiver.id LEFT JOIN core_values cv ON a.core_value_id = cv.id WHERE a.is_valid = $1]"
time="2024-08-23T18:54:50+05:30" level=debug msg="req_id: d958d92c-9683-4a3a-ad05-5758c77175f8[countArgs:  [true]]"
time="2024-08-23T18:54:50+05:30" level=debug msg="req_id: d958d92c-9683-4a3a-ad05-5758c77175f8[ pagination:  {10 1 1 2}]"
time="2024-08-23T18:54:50+05:30" level=debug msg="req_id: d958d92c-9683-4a3a-ad05-5758c77175f8[ offset:  0]"
time="2024-08-23T18:54:50+05:30" level=debug msg="req_id: d958d92c-9683-4a3a-ad05-5758c77175f8[ sqlQuery:  SELECT a.id, cv.name AS core_value_name, COALESCE((\n\t\t\t\tSELECT SUM(r2.point) \n\t\t\t\tFROM rewards r2 \n\t\t\t\tWHERE r2.appreciation_id = a.id AND r2.sender = 212\n\t\t\t), 0) AS given_reward_point, cv.description AS core_value_description, a.description, a.is_valid, a.total_reward_points, a.quarter, u_sender.id AS sender_id, u_sender.first_name AS sender_first_name, u_sender.last_name AS sender_last_name, u_sender.profile_image_url AS sender_image_url, u_sender.designation AS sender_designation, u_receiver.id AS receiver_id, u_receiver.first_name AS receiver_first_name, u_receiver.last_name AS receiver_last_name, u_receiver.profile_image_url AS receiver_image_url, u_receiver.designation AS receiver_designation, a.created_at, a.updated_at, COUNT(r.id) AS total_rewards, COALESCE((\n\t\t\t\tSELECT SUM(r2.point) \n\t\t\t\tFROM rewards r2 \n\t\t\t\tWHERE r2.appreciation_id = a.id AND r2.sender = 212\n\t\t\t), 0) AS given_reward_point FROM appreciations a LEFT JOIN users u_sender ON a.sender = u_sender.id LEFT JOIN users u_receiver ON a.receiver = u_receiver.id LEFT JOIN core_values cv ON a.core_value_id = cv.id LEFT JOIN rewards r ON a.id = r.appreciation_id WHERE a.is_valid = $1 GROUP BY a.id, cv.name, cv.description, u_sender.id, u_receiver.id ORDER BY a.created_at DESC LIMIT 10 OFFSET 0]"
time="2024-08-23T18:54:50+05:30" level=debug msg="req_id: d958d92c-9683-4a3a-ad05-5758c77175f8[ args:  [true]]"
time="2024-08-23T18:54:50+05:30" level=info msg="req_id: d958d92c-9683-4a3a-ad05-5758c77175f8[filter:  {false  DESC 1 10}]"
time="2024-08-23T18:54:50+05:30" level=info msg="req_id: d958d92c-9683-4a3a-ad05-5758c77175f8[sql:  SELECT a.id, cv.name AS core_value_name, COALESCE((\n\t\t\t\tSELECT SUM(r2.point) \n\t\t\t\tFROM rewards r2 \n\t\t\t\tWHERE r2.appreciation_id = a.id AND r2.sender = 212\n\t\t\t), 0) AS given_reward_point, cv.description AS core_value_description, a.description, a.is_valid, a.total_reward_points, a.quarter, u_sender.id AS sender_id, u_sender.first_name AS sender_first_name, u_sender.last_name AS sender_last_name, u_sender.profile_image_url AS sender_image_url, u_sender.designation AS sender_designation, u_receiver.id AS receiver_id, u_receiver.first_name AS receiver_first_name, u_receiver.last_name AS receiver_last_name, u_receiver.profile_image_url AS receiver_image_url, u_receiver.designation AS receiver_designation, a.created_at, a.updated_at, COUNT(r.id) AS total_rewards, COALESCE((\n\t\t\t\tSELECT SUM(r2.point) \n\t\t\t\tFROM rewards r2 \n\t\t\t\tWHERE r2.appreciation_id = a.id AND r2.sender = 212\n\t\t\t), 0) AS given_reward_point FROM appreciations a LEFT JOIN users u_sender ON a.sender = u_sender.id LEFT JOIN users u_receiver ON a.receiver = u_receiver.id LEFT JOIN core_values cv ON a.core_value_id = cv.id LEFT JOIN rewards r ON a.id = r.appreciation_id WHERE a.is_valid = $1 GROUP BY a.id, cv.name, cv.description, u_sender.id, u_receiver.id ORDER BY a.created_at DESC LIMIT 10 OFFSET 0]"
time="2024-08-23T18:54:50+05:30" level=info msg="req_id: d958d92c-9683-4a3a-ad05-5758c77175f8[args:  [true]]"
time="2024-08-23T18:54:50+05:30" level=debug msg="req_id: d958d92c-9683-4a3a-ad05-5758c77175f8[ id ->  212]"
time="2024-08-23T18:54:50+05:30" level=debug msg="req_id: d958d92c-9683-4a3a-ad05-5758c77175f8[ userId:  212]"
time="2024-08-23T18:54:50+05:30" level=debug msg="req_id: d958d92c-9683-4a3a-ad05-5758c77175f8[ query:  SELECT reported_by FROM resolutions WHERE appreciation_id = $1]"
time="2024-08-23T18:54:50+05:30" level=debug msg="req_id: d958d92c-9683-4a3a-ad05-5758c77175f8[ args:  [2]]"
time="2024-08-23T18:54:50+05:30" level=debug msg="req_id: d958d92c-9683-4a3a-ad05-5758c77175f8[ query:  SELECT reported_by FROM resolutions WHERE appreciation_id = $1]"
time="2024-08-23T18:54:50+05:30" level=debug msg="req_id: d958d92c-9683-4a3a-ad05-5758c77175f8[ args:  [1]]"
time="2024-08-23T18:54:50+05:30" level=debug msg="req_id: d958d92c-9683-4a3a-ad05-5758c77175f8[ res:  [{2 Integrity & Ethics We uphold integrity in every action, ensuring our decisions align with the highest moral standards. Lorem Ipsum\u00a0 not only. true 0 2 212 Sharyu Marwadi { true} Software Engineer 187 Samnit Patil { true} Software Engineer 0 false 0 1724329694764 1724329694764} {1 Integrity & Ethics We uphold integrity in every action, ensuring our decisions align with the highest moral standards. Lorem Ipsum\u00a0 not only. true 300 2 212 Sharyu Marwadi { true} Software Engineer 187 Samnit Patil { true} Software Engineer 1 false 0 1724262140433 1724321985724}]]"
time="2024-08-23T18:54:50+05:30" level=debug msg="req_id: d958d92c-9683-4a3a-ad05-5758c77175f8[ pagination:  {10 1 1 2}]"
time="2024-08-23T18:54:50+05:30" level=debug msg="req_id: d958d92c-9683-4a3a-ad05-5758c77175f8[ infos:  [{2 Integrity & Ethics We uphold integrity in every action, ensuring our decisions align with the highest moral standards. Lorem Ipsum\u00a0 not only. true 0 2 212 Sharyu Marwadi { true} Software Engineer 187 Samnit Patil { true} Software Engineer 0 false 0 1724329694764 1724329694764} {1 Integrity & Ethics We uphold integrity in every action, ensuring our decisions align with the highest moral standards. Lorem Ipsum\u00a0 not only. true 300 2 212 Sharyu Marwadi { true} Software Engineer 187 Samnit Patil { true} Software Engineer 1 false 0 1724262140433 1724321985724}]  pagination:  {10 1 1 2}  err:  <nil>]"
time="2024-08-23T18:54:50+05:30" level=debug msg="req_id: d958d92c-9683-4a3a-ad05-5758c77175f8[ apprSvc:  [{2 Integrity & Ethics We uphold integrity in every action, ensuring our decisions align with the highest moral standards. Lorem Ipsum\u00a0 not only. 0 2 212 Sharyu Marwadi  Software Engineer 187 Samnit Patil  Software Engineer 0 0 false 1724329694764 1724329694764} {1 Integrity & Ethics We uphold integrity in every action, ensuring our decisions align with the highest moral standards. Lorem Ipsum\u00a0 not only. 300 2 212 Sharyu Marwadi  Software Engineer 187 Samnit Patil  Software Engineer 1 0 false 1724262140433 1724321985724}]  paginationResp:  {1 1 10 2}]"
time="2024-08-23T18:54:50+05:30" level=debug msg="req_id: d958d92c-9683-4a3a-ad05-5758c77175f8[listAppreciationsHandler: response:  {[{2 Integrity & Ethics We uphold integrity in every action, ensuring our decisions align with the highest moral standards. Lorem Ipsum\u00a0 not only. 0 2 212 Sharyu Marwadi  Software Engineer 187 Samnit Patil  Software Engineer 0 0 false 1724329694764 1724329694764} {1 Integrity & Ethics We uphold integrity in every action, ensuring our decisions align with the highest moral standards. Lorem Ipsum\u00a0 not only. 300 2 212 Sharyu Marwadi  Software Engineer 187 Samnit Patil  Software Engineer 1 0 false 1724262140433 1724321985724}] {1 1 10 2}}]"
time="2024-08-23T18:54:50+05:30" level=info msg="2024-08-23T18:54:50+05:30 | 200 | \t 2.20324ms | localhost:33001 | GET /peerly/appreciations"
time="2024-08-23T18:55:17+05:30" level=debug msg="req_id: ba37597e-2d40-4cc4-8791-e9a36fd3d778[listAppreciationsHandler]"
time="2024-08-23T18:55:17+05:30" level=debug msg="req_id: 


[listAppreciationsHandler: request:  0xc000710d80]"
time="2024-08-23T18:55:17+05:30" level=debug msg="req_id: ba37597e-2d40-4cc4-8791-e9a36fd3d778[filter:  {false  DESC 1 10}]"
time="2024-08-23T18:55:17+05:30" level=debug msg="req_id: ba37597e-2d40-4cc4-8791-e9a36fd3d778[ filter:  {false  DESC 1 10}]"
time="2024-08-23T18:55:17+05:30" level=debug msg="req_id: ba37597e-2d40-4cc4-8791-e9a36fd3d778[ appr: ListAppreciations: filter:  {false  DESC 1 10}]"
time="2024-08-23T18:55:17+05:30" level=debug msg="req_id: ba37597e-2d40-4cc4-8791-e9a36fd3d778[countSql:  SELECT COUNT(*) FROM appreciations a LEFT JOIN users u_sender ON a.sender = u_sender.id LEFT JOIN users u_receiver ON a.receiver = u_receiver.id LEFT JOIN core_values cv ON a.core_value_id = cv.id WHERE a.is_valid = $1]"
time="2024-08-23T18:55:17+05:30" level=debug msg="req_id: ba37597e-2d40-4cc4-8791-e9a36fd3d778[countArgs:  [true]]"
time="2024-08-23T18:55:17+05:30" level=debug msg="req_id: ba37597e-2d40-4cc4-8791-e9a36fd3d778[ pagination:  {10 1 1 2}]"
time="2024-08-23T18:55:17+05:30" level=debug msg="req_id: ba37597e-2d40-4cc4-8791-e9a36fd3d778[ offset:  0]"
time="2024-08-23T18:55:17+05:30" level=debug msg="req_id: ba37597e-2d40-4cc4-8791-e9a36fd3d778[ sqlQuery:  SELECT a.id, cv.name AS core_value_name, COALESCE((\n\t\t\t\tSELECT SUM(r2.point) \n\t\t\t\tFROM rewards r2 \n\t\t\t\tWHERE r2.appreciation_id = a.id AND r2.sender = 212\n\t\t\t), 0) AS given_reward_point, cv.description AS core_value_description, a.description, a.is_valid, a.total_reward_points, a.quarter, u_sender.id AS sender_id, u_sender.first_name AS sender_first_name, u_sender.last_name AS sender_last_name, u_sender.profile_image_url AS sender_image_url, u_sender.designation AS sender_designation, u_receiver.id AS receiver_id, u_receiver.first_name AS receiver_first_name, u_receiver.last_name AS receiver_last_name, u_receiver.profile_image_url AS receiver_image_url, u_receiver.designation AS receiver_designation, a.created_at, a.updated_at, COUNT(r.id) AS total_rewards, COALESCE((\n\t\t\t\tSELECT SUM(r2.point) \n\t\t\t\tFROM rewards r2 \n\t\t\t\tWHERE r2.appreciation_id = a.id AND r2.sender = 212\n\t\t\t), 0) AS given_reward_point FROM appreciations a LEFT JOIN users u_sender ON a.sender = u_sender.id LEFT JOIN users u_receiver ON a.receiver = u_receiver.id LEFT JOIN core_values cv ON a.core_value_id = cv.id LEFT JOIN rewards r ON a.id = r.appreciation_id WHERE a.is_valid = $1 GROUP BY a.id, cv.name, cv.description, u_sender.id, u_receiver.id ORDER BY a.created_at DESC LIMIT 10 OFFSET 0]"
time="2024-08-23T18:55:17+05:30" level=debug msg="req_id: ba37597e-2d40-4cc4-8791-e9a36fd3d778[ args:  [true]]"
time="2024-08-23T18:55:17+05:30" level=info msg="req_id: ba37597e-2d40-4cc4-8791-e9a36fd3d778[filter:  {false  DESC 1 10}]"
time="2024-08-23T18:55:17+05:30" level=info msg="req_id: ba37597e-2d40-4cc4-8791-e9a36fd3d778[sql:  SELECT a.id, cv.name AS core_value_name, COALESCE((\n\t\t\t\tSELECT SUM(r2.point) \n\t\t\t\tFROM rewards r2 \n\t\t\t\tWHERE r2.appreciation_id = a.id AND r2.sender = 212\n\t\t\t), 0) AS given_reward_point, cv.description AS core_value_description, a.description, a.is_valid, a.total_reward_points, a.quarter, u_sender.id AS sender_id, u_sender.first_name AS sender_first_name, u_sender.last_name AS sender_last_name, u_sender.profile_image_url AS sender_image_url, u_sender.designation AS sender_designation, u_receiver.id AS receiver_id, u_receiver.first_name AS receiver_first_name, u_receiver.last_name AS receiver_last_name, u_receiver.profile_image_url AS receiver_image_url, u_receiver.designation AS receiver_designation, a.created_at, a.updated_at, COUNT(r.id) AS total_rewards, COALESCE((\n\t\t\t\tSELECT SUM(r2.point) \n\t\t\t\tFROM rewards r2 \n\t\t\t\tWHERE r2.appreciation_id = a.id AND r2.sender = 212\n\t\t\t), 0) AS given_reward_point FROM appreciations a LEFT JOIN users u_sender ON a.sender = u_sender.id LEFT JOIN users u_receiver ON a.receiver = u_receiver.id LEFT JOIN core_values cv ON a.core_value_id = cv.id LEFT JOIN rewards r ON a.id = r.appreciation_id WHERE a.is_valid = $1 GROUP BY a.id, cv.name, cv.description, u_sender.id, u_receiver.id ORDER BY a.created_at DESC LIMIT 10 OFFSET 0]"
time="2024-08-23T18:55:17+05:30" level=info msg="req_id: ba37597e-2d40-4cc4-8791-e9a36fd3d778[args:  [true]]"
time="2024-08-23T18:55:17+05:30" level=debug msg="req_id: ba37597e-2d40-4cc4-8791-e9a36fd3d778[ id ->  212]"
time="2024-08-23T18:55:17+05:30" level=debug msg="req_id: ba37597e-2d40-4cc4-8791-e9a36fd3d778[ userId:  212]"
time="2024-08-23T18:55:17+05:30" level=debug msg="req_id: ba37597e-2d40-4cc4-8791-e9a36fd3d778[ query:  SELECT reported_by FROM resolutions WHERE appreciation_id = $1]"
time="2024-08-23T18:55:17+05:30" level=debug msg="req_id: ba37597e-2d40-4cc4-8791-e9a36fd3d778[ args:  [2]]"
time="2024-08-23T18:55:17+05:30" level=debug msg="req_id: ba37597e-2d40-4cc4-8791-e9a36fd3d778[ query:  SELECT reported_by FROM resolutions WHERE appreciation_id = $1]"
time="2024-08-23T18:55:17+05:30" level=debug msg="req_id: ba37597e-2d40-4cc4-8791-e9a36fd3d778[ args:  [1]]"
time="2024-08-23T18:55:17+05:30" level=debug msg="req_id: ba37597e-2d40-4cc4-8791-e9a36fd3d778[ res:  [{2 Integrity & Ethics We uphold integrity in every action, ensuring our decisions align with the highest moral standards. Lorem Ipsum\u00a0 not only. true 0 2 212 Sharyu Marwadi { true} Software Engineer 187 Samnit Patil { true} Software Engineer 0 false 0 1724329694764 1724329694764} {1 Integrity & Ethics We uphold integrity in every action, ensuring our decisions align with the highest moral standards. Lorem Ipsum\u00a0 not only. true 300 2 212 Sharyu Marwadi { true} Software Engineer 187 Samnit Patil { true} Software Engineer 1 false 0 1724262140433 1724321985724}]]"
time="2024-08-23T18:55:17+05:30" level=debug msg="req_id: ba37597e-2d40-4cc4-8791-e9a36fd3d778[ pagination:  {10 1 1 2}]"
time="2024-08-23T18:55:17+05:30" level=debug msg="req_id: ba37597e-2d40-4cc4-8791-e9a36fd3d778[ infos:  [{2 Integrity & Ethics We uphold integrity in every action, ensuring our decisions align with the highest moral standards. Lorem Ipsum\u00a0 not only. true 0 2 212 Sharyu Marwadi { true} Software Engineer 187 Samnit Patil { true} Software Engineer 0 false 0 1724329694764 1724329694764} {1 Integrity & Ethics We uphold integrity in every action, ensuring our decisions align with the highest moral standards. Lorem Ipsum\u00a0 not only. true 300 2 212 Sharyu Marwadi { true} Software Engineer 187 Samnit Patil { true} Software Engineer 1 false 0 1724262140433 1724321985724}]  pagination:  {10 1 1 2}  err:  <nil>]"
time="2024-08-23T18:55:17+05:30" level=debug msg="req_id: ba37597e-2d40-4cc4-8791-e9a36fd3d778[ apprSvc:  [{2 Integrity & Ethics We uphold integrity in every action, ensuring our decisions align with the highest moral standards. Lorem Ipsum\u00a0 not only. 0 2 212 Sharyu Marwadi  Software Engineer 187 Samnit Patil  Software Engineer 0 0 false 1724329694764 1724329694764} {1 Integrity & Ethics We uphold integrity in every action, ensuring our decisions align with the highest moral standards. Lorem Ipsum\u00a0 not only. 300 2 212 Sharyu Marwadi  Software Engineer 187 Samnit Patil  Software Engineer 1 0 false 1724262140433 1724321985724}]  paginationResp:  {1 1 10 2}]"
time="2024-08-23T18:55:17+05:30" level=debug msg="req_id: ba37597e-2d40-4cc4-8791-e9a36fd3d778[listAppreciationsHandler: response:  {[{2 Integrity & Ethics We uphold integrity in every action, ensuring our decisions align with the highest moral standards. Lorem Ipsum\u00a0 not only. 0 2 212 Sharyu Marwadi  Software Engineer 187 Samnit Patil  Software Engineer 0 0 false 1724329694764 1724329694764} {1 Integrity & Ethics We uphold integrity in every action, ensuring our decisions align with the highest moral standards. Lorem Ipsum\u00a0 not only. 300 2 212 Sharyu Marwadi  Software Engineer 187 Samnit Patil  Software Engineer 1 0 false 1724262140433 1724321985724}] {1 1 10 2}}]"
time="2024-08-23T18:55:17+05:30" level=info msg="2024-08-23T18:55:17+05:30 | 200 | \t 3.137759ms | localhost:33001 | GET /peerly/appreciations"
time="2024-08-23T19:06:59+05:30" level=debug msg="req_id: cd0ea421-078e-4647-8f61-813c79b9687b[loggerHandler: req:  0xc0002fe900]"
time="2024-08-23T19:06:59+05:30" level=info msg="req_id: cd0ea421-078e-4647-8f61-813c79b9687b[loggerHandler]"
time="2024-08-23T19:06:59+05:30" level=info msg="2024-08-23T19:06:59+05:30 | 200 | \t 232.983µs | localhost:33001 | POST /peerly/set_logger_level"
time="2024-08-23T19:07:05+05:30" level=info msg="req_id: b21cdecf-28d4-4d01-9093-e5570ba27cf1[loggerHandler]"
time="2024-08-23T19:07:05+05:30" level=info msg="2024-08-23T19:07:05+05:30 | 200 | \t 109.087µs | localhost:33001 | POST /peerly/set_logger_level"
time="2024-08-23T19:07:14+05:30" level=info msg="req_id: d9b3c156-34c4-42ff-bf62-a18e35874cc7[loggerHandler]"
time="2024-08-23T19:07:14+05:30" level=info msg="2024-08-23T19:07:14+05:30 | 200 | \t 185.868µs | localhost:33001 | POST /peerly/set_logger_level"
time="2024-08-23T19:07:20+05:30" level=debug msg="req_id: 743084e6-954d-4cb9-b54e-e76512860323[loggerHandler: req:  0xc0002ff200]"
time="2024-08-23T19:07:20+05:30" level=info msg="req_id: 743084e6-954d-4cb9-b54e-e76512860323[loggerHandler]"
time="2024-08-23T19:07:20+05:30" level=info msg="2024-08-23T19:07:20+05:30 | 200 | \t 160.004µs | localhost:33001 | POST /peerly/set_logger_level"
time="2024-08-23T19:23:52+05:30" level=info msg="req_id: 68e986fa-4ab1-4464-ba1d-1936596a6e86[filter:  {false  DESC 1 10}]"
time="2024-08-23T19:23:52+05:30" level=info msg="req_id: 68e986fa-4ab1-4464-ba1d-1936596a6e86[sql:  SELECT a.id, cv.name AS core_value_name, COALESCE((\n\t\t\t\tSELECT SUM(r2.point) \n\t\t\t\tFROM rewards r2 \n\t\t\t\tWHERE r2.appreciation_id = a.id AND r2.sender = 212\n\t\t\t), 0) AS given_reward_point, cv.description AS core_value_description, a.description, a.is_valid, a.total_reward_points, a.quarter, u_sender.id AS sender_id, u_sender.first_name AS sender_first_name, u_sender.last_name AS sender_last_name, u_sender.profile_image_url AS sender_image_url, u_sender.designation AS sender_designation, u_receiver.id AS receiver_id, u_receiver.first_name AS receiver_first_name, u_receiver.last_name AS receiver_last_name, u_receiver.profile_image_url AS receiver_image_url, u_receiver.designation AS receiver_designation, a.created_at, a.updated_at, COUNT(r.id) AS total_rewards, COALESCE((\n\t\t\t\tSELECT SUM(r2.point) \n\t\t\t\tFROM rewards r2 \n\t\t\t\tWHERE r2.appreciation_id = a.id AND r2.sender = 212\n\t\t\t), 0) AS given_reward_point FROM appreciations a LEFT JOIN users u_sender ON a.sender = u_sender.id LEFT JOIN users u_receiver ON a.receiver = u_receiver.id LEFT JOIN core_values cv ON a.core_value_id = cv.id LEFT JOIN rewards r ON a.id = r.appreciation_id WHERE a.is_valid = $1 GROUP BY a.id, cv.name, cv.description, u_sender.id, u_receiver.id ORDER BY a.created_at DESC LIMIT 10 OFFSET 0]"
time="2024-08-23T19:23:52+05:30" level=info msg="req_id: 68e986fa-4ab1-4464-ba1d-1936596a6e86[args:  [true]]"
time="2024-08-23T19:23:52+05:30" level=info msg="2024-08-23T19:23:52+05:30 | 200 | \t 3.323247ms | localhost:33001 | GET /peerly/appreciations"
time="2024-08-23T19:24:20+05:30" level=info msg="req_id: 2f951672-89b2-4dea-b759-0d294ea4e341[loggerHandler]"
time="2024-08-23T19:24:20+05:30" level=info msg="2024-08-23T19:24:20+05:30 | 200 | \t 172.893µs | localhost:33001 | POST /peerly/set_logger_level"
time="2024-08-23T19:24:27+05:30" level=info msg="req_id: 4a5b199b-6fd9-441e-89ca-d007c48a73cf[loggerHandler]"
time="2024-08-23T19:24:27+05:30" level=info msg="2024-08-23T19:24:27+05:30 | 200 | \t 175.533µs | localhost:33001 | POST /peerly/set_logger_level"
time="2024-08-23T19:24:33+05:30" level=debug msg="req_id: 5c1ff079-b78c-4de5-b17c-108d55671404[listAppreciationsHandler]"
time="2024-08-23T19:24:33+05:30" level=debug msg="req_id: 5c1ff079-b78c-4de5-b17c-108d55671404[listAppreciationsHandler: request:  0xc0002fefc0]"
time="2024-08-23T19:24:33+05:30" level=debug msg="req_id: 5c1ff079-b78c-4de5-b17c-108d55671404[filter:  {false  DESC 1 10}]"
time="2024-08-23T19:24:33+05:30" level=debug msg="req_id: 5c1ff079-b78c-4de5-b17c-108d55671404[ filter:  {false  DESC 1 10}]"
time="2024-08-23T19:24:33+05:30" level=debug msg="req_id: 5c1ff079-b78c-4de5-b17c-108d55671404[ appr: ListAppreciations: filter:  {false  DESC 1 10}]"
time="2024-08-23T19:24:33+05:30" level=debug msg="req_id: 5c1ff079-b78c-4de5-b17c-108d55671404[countSql:  SELECT COUNT(*) FROM appreciations a LEFT JOIN users u_sender ON a.sender = u_sender.id LEFT JOIN users u_receiver ON a.receiver = u_receiver.id LEFT JOIN core_values cv ON a.core_value_id = cv.id WHERE a.is_valid = $1]"
time="2024-08-23T19:24:33+05:30" level=debug msg="req_id: 5c1ff079-b78c-4de5-b17c-108d55671404[countArgs:  [true]]"
time="2024-08-23T19:24:33+05:30" level=debug msg="req_id: 5c1ff079-b78c-4de5-b17c-108d55671404[ pagination:  {10 1 1 2}]"
time="2024-08-23T19:24:33+05:30" level=debug msg="req_id: 5c1ff079-b78c-4de5-b17c-108d55671404[ offset:  0]"
time="2024-08-23T19:24:33+05:30" level=debug msg="req_id: 5c1ff079-b78c-4de5-b17c-108d55671404[ sqlQuery:  SELECT a.id, cv.name AS core_value_name, COALESCE((\n\t\t\t\tSELECT SUM(r2.point) \n\t\t\t\tFROM rewards r2 \n\t\t\t\tWHERE r2.appreciation_id = a.id AND r2.sender = 212\n\t\t\t), 0) AS given_reward_point, cv.description AS core_value_description, a.description, a.is_valid, a.total_reward_points, a.quarter, u_sender.id AS sender_id, u_sender.first_name AS sender_first_name, u_sender.last_name AS sender_last_name, u_sender.profile_image_url AS sender_image_url, u_sender.designation AS sender_designation, u_receiver.id AS receiver_id, u_receiver.first_name AS receiver_first_name, u_receiver.last_name AS receiver_last_name, u_receiver.profile_image_url AS receiver_image_url, u_receiver.designation AS receiver_designation, a.created_at, a.updated_at, COUNT(r.id) AS total_rewards, COALESCE((\n\t\t\t\tSELECT SUM(r2.point) \n\t\t\t\tFROM rewards r2 \n\t\t\t\tWHERE r2.appreciation_id = a.id AND r2.sender = 212\n\t\t\t), 0) AS given_reward_point FROM appreciations a LEFT JOIN users u_sender ON a.sender = u_sender.id LEFT JOIN users u_receiver ON a.receiver = u_receiver.id LEFT JOIN core_values cv ON a.core_value_id = cv.id LEFT JOIN rewards r ON a.id = r.appreciation_id WHERE a.is_valid = $1 GROUP BY a.id, cv.name, cv.description, u_sender.id, u_receiver.id ORDER BY a.created_at DESC LIMIT 10 OFFSET 0]"
time="2024-08-23T19:24:33+05:30" level=debug msg="req_id: 5c1ff079-b78c-4de5-b17c-108d55671404[ args:  [true]]"
time="2024-08-23T19:24:33+05:30" level=info msg="req_id: 5c1ff079-b78c-4de5-b17c-108d55671404[filter:  {false  DESC 1 10}]"
time="2024-08-23T19:24:33+05:30" level=info msg="req_id: 5c1ff079-b78c-4de5-b17c-108d55671404[sql:  SELECT a.id, cv.name AS core_value_name, COALESCE((\n\t\t\t\tSELECT SUM(r2.point) \n\t\t\t\tFROM rewards r2 \n\t\t\t\tWHERE r2.appreciation_id = a.id AND r2.sender = 212\n\t\t\t), 0) AS given_reward_point, cv.description AS core_value_description, a.description, a.is_valid, a.total_reward_points, a.quarter, u_sender.id AS sender_id, u_sender.first_name AS sender_first_name, u_sender.last_name AS sender_last_name, u_sender.profile_image_url AS sender_image_url, u_sender.designation AS sender_designation, u_receiver.id AS receiver_id, u_receiver.first_name AS receiver_first_name, u_receiver.last_name AS receiver_last_name, u_receiver.profile_image_url AS receiver_image_url, u_receiver.designation AS receiver_designation, a.created_at, a.updated_at, COUNT(r.id) AS total_rewards, COALESCE((\n\t\t\t\tSELECT SUM(r2.point) \n\t\t\t\tFROM rewards r2 \n\t\t\t\tWHERE r2.appreciation_id = a.id AND r2.sender = 212\n\t\t\t), 0) AS given_reward_point FROM appreciations a LEFT JOIN users u_sender ON a.sender = u_sender.id LEFT JOIN users u_receiver ON a.receiver = u_receiver.id LEFT JOIN core_values cv ON a.core_value_id = cv.id LEFT JOIN rewards r ON a.id = r.appreciation_id WHERE a.is_valid = $1 GROUP BY a.id, cv.name, cv.description, u_sender.id, u_receiver.id ORDER BY a.created_at DESC LIMIT 10 OFFSET 0]"
time="2024-08-23T19:24:33+05:30" level=info msg="req_id: 5c1ff079-b78c-4de5-b17c-108d55671404[args:  [true]]"
time="2024-08-23T19:24:33+05:30" level=debug msg="req_id: 5c1ff079-b78c-4de5-b17c-108d55671404[ id ->  212]"
time="2024-08-23T19:24:33+05:30" level=debug msg="req_id: 5c1ff079-b78c-4de5-b17c-108d55671404[ userId:  212]"
time="2024-08-23T19:24:33+05:30" level=debug msg="req_id: 5c1ff079-b78c-4de5-b17c-108d55671404[ query:  SELECT reported_by FROM resolutions WHERE appreciation_id = $1]"
time="2024-08-23T19:24:33+05:30" level=debug msg="req_id: 5c1ff079-b78c-4de5-b17c-108d55671404[ args:  [2]]"
time="2024-08-23T19:24:33+05:30" level=debug msg="req_id: 5c1ff079-b78c-4de5-b17c-108d55671404[ query:  SELECT reported_by FROM resolutions WHERE appreciation_id = $1]"
time="2024-08-23T19:24:33+05:30" level=debug msg="req_id: 5c1ff079-b78c-4de5-b17c-108d55671404[ args:  [1]]"
time="2024-08-23T19:24:33+05:30" level=debug msg="req_id: 5c1ff079-b78c-4de5-b17c-108d55671404[ res:  [{2 Integrity & Ethics We uphold integrity in every action, ensuring our decisions align with the highest moral standards. Lorem Ipsum\u00a0 not only. true 0 2 212 Sharyu Marwadi { true} Software Engineer 187 Samnit Patil { true} Software Engineer 0 false 0 1724329694764 1724329694764} {1 Integrity & Ethics We uphold integrity in every action, ensuring our decisions align with the highest moral standards. Lorem Ipsum\u00a0 not only. true 300 2 212 Sharyu Marwadi { true} Software Engineer 187 Samnit Patil { true} Software Engineer 1 false 0 1724262140433 1724321985724}]]"
time="2024-08-23T19:24:33+05:30" level=debug msg="req_id: 5c1ff079-b78c-4de5-b17c-108d55671404[ pagination:  {10 1 1 2}]"
time="2024-08-23T19:24:33+05:30" level=debug msg="req_id: 5c1ff079-b78c-4de5-b17c-108d55671404[ infos:  [{2 Integrity & Ethics We uphold integrity in every action, ensuring our decisions align with the highest moral standards. Lorem Ipsum\u00a0 not only. true 0 2 212 Sharyu Marwadi { true} Software Engineer 187 Samnit Patil { true} Software Engineer 0 false 0 1724329694764 1724329694764} {1 Integrity & Ethics We uphold integrity in every action, ensuring our decisions align with the highest moral standards. Lorem Ipsum\u00a0 not only. true 300 2 212 Sharyu Marwadi { true} Software Engineer 187 Samnit Patil { true} Software Engineer 1 false 0 1724262140433 1724321985724}]  pagination:  {10 1 1 2}  err:  <nil>]"
time="2024-08-23T19:24:33+05:30" level=debug msg="req_id: 5c1ff079-b78c-4de5-b17c-108d55671404[ apprSvc:  [{2 Integrity & Ethics We uphold integrity in every action, ensuring our decisions align with the highest moral standards. Lorem Ipsum\u00a0 not only. 0 2 212 Sharyu Marwadi  Software Engineer 187 Samnit Patil  Software Engineer 0 0 false 1724329694764 1724329694764} {1 Integrity & Ethics We uphold integrity in every action, ensuring our decisions align with the highest moral standards. Lorem Ipsum\u00a0 not only. 300 2 212 Sharyu Marwadi  Software Engineer 187 Samnit Patil  Software Engineer 1 0 false 1724262140433 1724321985724}]  paginationResp:  {1 1 10 2}]"
time="2024-08-23T19:24:33+05:30" level=debug msg="req_id: 5c1ff079-b78c-4de5-b17c-108d55671404[listAppreciationsHandler: response:  {[{2 Integrity & Ethics We uphold integrity in every action, ensuring our decisions align with the highest moral standards. Lorem Ipsum\u00a0 not only. 0 2 212 Sharyu Marwadi  Software Engineer 187 Samnit Patil  Software Engineer 0 0 false 1724329694764 1724329694764} {1 Integrity & Ethics We uphold integrity in every action, ensuring our decisions align with the highest moral standards. Lorem Ipsum\u00a0 not only. 300 2 212 Sharyu Marwadi  Software Engineer 187 Samnit Patil  Software Engineer 1 0 false 1724262140433 1724321985724}] {1 1 10 2}}]"
time="2024-08-23T19:24:33+05:30" level=info msg="2024-08-23T19:24:33+05:30 | 200 | \t 4.73416ms | localhost:33001 | GET /peerly/appreciations"
